mode: atomic
github.com/humanshu2002/Caching-Library/main.go:12.73,18.16 5 0
github.com/humanshu2002/Caching-Library/main.go:18.16,20.3 1 0
github.com/humanshu2002/Caching-Library/main.go:20.8,22.3 1 0
github.com/humanshu2002/Caching-Library/main.go:24.2,26.16 3 0
github.com/humanshu2002/Caching-Library/main.go:26.16,28.3 1 0
github.com/humanshu2002/Caching-Library/main.go:28.8,30.3 1 0
github.com/humanshu2002/Caching-Library/main.go:33.13,38.2 4 0
github.com/humanshu2002/Caching-Library/structs/cache_item.go:11.41,12.26 1 0
github.com/humanshu2002/Caching-Library/structs/cache_item.go:12.26,14.3 1 0
github.com/humanshu2002/Caching-Library/structs/cache_item.go:15.2,15.48 1 0
github.com/humanshu2002/Caching-Library/cache/cache.go:20.94,27.2 1 3
github.com/humanshu2002/Caching-Library/cache/cache.go:29.71,33.34 3 12
github.com/humanshu2002/Caching-Library/cache/cache.go:33.34,39.3 5 0
github.com/humanshu2002/Caching-Library/cache/cache.go:41.2,41.32 1 12
github.com/humanshu2002/Caching-Library/cache/cache.go:41.32,43.23 2 3
github.com/humanshu2002/Caching-Library/cache/cache.go:43.23,45.4 1 3
github.com/humanshu2002/Caching-Library/cache/cache.go:48.2,55.24 4 12
github.com/humanshu2002/Caching-Library/cache/cache.go:58.54,62.34 3 6
github.com/humanshu2002/Caching-Library/cache/cache.go:62.34,64.28 2 3
github.com/humanshu2002/Caching-Library/cache/cache.go:64.28,68.4 3 0
github.com/humanshu2002/Caching-Library/cache/cache.go:69.3,70.30 2 3
github.com/humanshu2002/Caching-Library/cache/cache.go:72.2,72.42 1 3
github.com/humanshu2002/Caching-Library/cache/cache.go:75.36,79.31 3 0
github.com/humanshu2002/Caching-Library/cache/cache.go:79.31,82.3 2 0
github.com/humanshu2002/Caching-Library/structs/cache_item.go:11.41,12.26 1 3
github.com/humanshu2002/Caching-Library/structs/cache_item.go:12.26,14.3 1 0
github.com/humanshu2002/Caching-Library/structs/cache_item.go:15.2,15.48 1 3
github.com/humanshu2002/Caching-Library/cache/eviction_policy/custom_eviction_policy.go:15.66,21.2 1 1
github.com/humanshu2002/Caching-Library/cache/eviction_policy/custom_eviction_policy.go:23.65,24.40 1 7
github.com/humanshu2002/Caching-Library/cache/eviction_policy/custom_eviction_policy.go:24.40,27.3 2 1
github.com/humanshu2002/Caching-Library/cache/eviction_policy/custom_eviction_policy.go:28.2,30.13 3 6
github.com/humanshu2002/Caching-Library/cache/eviction_policy/custom_eviction_policy.go:33.47,35.17 2 1
github.com/humanshu2002/Caching-Library/cache/eviction_policy/custom_eviction_policy.go:35.17,40.3 4 1
github.com/humanshu2002/Caching-Library/cache/eviction_policy/custom_eviction_policy.go:41.2,41.11 1 0
github.com/humanshu2002/Caching-Library/cache/eviction_policy/custom_eviction_policy.go:44.51,45.40 1 0
github.com/humanshu2002/Caching-Library/cache/eviction_policy/custom_eviction_policy.go:45.40,48.3 2 0
github.com/humanshu2002/Caching-Library/cache/eviction_policy/fifo_eviction_policy.go:13.50,17.2 1 1
github.com/humanshu2002/Caching-Library/cache/eviction_policy/fifo_eviction_policy.go:19.63,21.2 1 7
github.com/humanshu2002/Caching-Library/cache/eviction_policy/fifo_eviction_policy.go:23.45,25.17 2 1
github.com/humanshu2002/Caching-Library/cache/eviction_policy/fifo_eviction_policy.go:25.17,29.3 3 1
github.com/humanshu2002/Caching-Library/cache/eviction_policy/fifo_eviction_policy.go:30.2,30.11 1 0
github.com/humanshu2002/Caching-Library/cache/eviction_policy/fifo_eviction_policy.go:33.49,34.51 1 0
github.com/humanshu2002/Caching-Library/cache/eviction_policy/fifo_eviction_policy.go:34.51,35.46 1 0
github.com/humanshu2002/Caching-Library/cache/eviction_policy/fifo_eviction_policy.go:35.46,37.9 2 0
github.com/humanshu2002/Caching-Library/cache/eviction_policy/lifo_eviction_policy.go:14.62,19.2 1 1
github.com/humanshu2002/Caching-Library/cache/eviction_policy/lifo_eviction_policy.go:21.63,23.35 2 4
github.com/humanshu2002/Caching-Library/cache/eviction_policy/lifo_eviction_policy.go:23.35,25.6 1 1
github.com/humanshu2002/Caching-Library/cache/eviction_policy/lifo_eviction_policy.go:26.5,26.16 1 4
github.com/humanshu2002/Caching-Library/cache/eviction_policy/lifo_eviction_policy.go:29.45,31.20 2 7
github.com/humanshu2002/Caching-Library/cache/eviction_policy/lifo_eviction_policy.go:31.20,35.6 3 3
github.com/humanshu2002/Caching-Library/cache/eviction_policy/lifo_eviction_policy.go:36.5,36.14 1 4
github.com/humanshu2002/Caching-Library/cache/eviction_policy/lifo_eviction_policy.go:39.49,40.53 1 3
github.com/humanshu2002/Caching-Library/cache/eviction_policy/lifo_eviction_policy.go:40.53,41.36 1 0
github.com/humanshu2002/Caching-Library/cache/eviction_policy/lifo_eviction_policy.go:41.36,43.18 2 0
github.com/humanshu2002/Caching-Library/cache/eviction_policy/lru_eviction_policy.go:14.48,19.2 1 1
github.com/humanshu2002/Caching-Library/cache/eviction_policy/lru_eviction_policy.go:21.62,22.40 1 7
github.com/humanshu2002/Caching-Library/cache/eviction_policy/lru_eviction_policy.go:22.40,25.3 2 1
github.com/humanshu2002/Caching-Library/cache/eviction_policy/lru_eviction_policy.go:26.2,28.13 3 6
github.com/humanshu2002/Caching-Library/cache/eviction_policy/lru_eviction_policy.go:31.44,33.17 2 1
github.com/humanshu2002/Caching-Library/cache/eviction_policy/lru_eviction_policy.go:33.17,38.3 4 1
github.com/humanshu2002/Caching-Library/cache/eviction_policy/lru_eviction_policy.go:39.2,39.11 1 0
github.com/humanshu2002/Caching-Library/cache/eviction_policy/lru_eviction_policy.go:42.48,43.40 1 0
github.com/humanshu2002/Caching-Library/cache/eviction_policy/lru_eviction_policy.go:43.40,46.3 2 0
github.com/humanshu2002/Caching-Library/structs/cache_item.go:11.41,12.26 1 3
github.com/humanshu2002/Caching-Library/structs/cache_item.go:12.26,14.3 1 0
github.com/humanshu2002/Caching-Library/structs/cache_item.go:15.2,15.48 1 3
